z_xj/app/build/outputs/logs/manifest-merger-release-report.txt
-- Merging decision tree log ---
manifest
ADDED from src\main\AndroidManifest.xml:2:1-380:12
INJECTED from src\main\AndroidManifest.xml:2:1-380:12
INJECTED from src\main\AndroidManifest.xml:2:1-380:12
INJECTED from src\main\AndroidManifest.xml:2:1-380:12
MERGED from [:imageMap] AndroidManifest.xml:2:1-7:12
MERGED from [:widget] AndroidManifest.xml:2:1-17:12
MERGED from [:jcvideoplayer_lib] AndroidManifest.xml:2:1-11:12
MERGED from [com.android.support:appcompat-v7:21.0.3] AndroidManifest.xml:14:4-17:12
MERGED from [com.android.support:support-v4:21.0.3] AndroidManifest.xml:14:4-17:12
INJECTED from src\main\AndroidManifest.xml:2:1-380:12
INJECTED from src\main\AndroidManifest.xml:2:1-380:12
INJECTED from src\main\AndroidManifest.xml:2:1-380:12
	package
		ADDED from src\main\AndroidManifest.xml:4:5-32
		INJECTED from src\main\AndroidManifest.xml
		INJECTED from src\main\AndroidManifest.xml
	android:versionName
		ADDED from src\main\AndroidManifest.xml:6:5-32
		INJECTED from src\main\AndroidManifest.xml
		INJECTED from src\main\AndroidManifest.xml
	xmlns:tools
		ADDED from src\main\AndroidManifest.xml:3:5-51
	xmlns:android
		ADDED from src\main\AndroidManifest.xml:2:11-69
	android:versionCode
		ADDED from src\main\AndroidManifest.xml:5:5-28
		INJECTED from src\main\AndroidManifest.xml
		INJECTED from src\main\AndroidManifest.xml
uses-sdk
ADDED from src\main\AndroidManifest.xml:8:5-10:41
INJECTED from src\main\AndroidManifest.xml:8:5-10:41
INJECTED from src\main\AndroidManifest.xml:8:5-10:41
MERGED from [:widget] AndroidManifest.xml:7:5-9:41
MERGED from [:widget] AndroidManifest.xml:7:5-9:41
MERGED from [:jcvideoplayer_lib] AndroidManifest.xml:7:5-9:41
MERGED from [:jcvideoplayer_lib] AndroidManifest.xml:7:5-9:41
MERGED from [com.android.support:appcompat-v7:21.0.3] AndroidManifest.xml:15:5-42
MERGED from [com.android.support:appcompat-v7:21.0.3] AndroidManifest.xml:15:5-42
MERGED from [com.android.support:support-v4:21.0.3] AndroidManifest.xml:15:5-42
MERGED from [com.android.support:support-v4:21.0.3] AndroidManifest.xml:15:5-42
INJECTED from src\main\AndroidManifest.xml:8:5-10:41
INJECTED from src\main\AndroidManifest.xml:8:5-10:41
	android:targetSdkVersion
		ADDED from src\main\AndroidManifest.xml:10:9-38
		INJECTED from src\main\AndroidManifest.xml
		INJECTED from src\main\AndroidManifest.xml
	android:minSdkVersion
		ADDED from src\main\AndroidManifest.xml:9:9-35
		INJECTED from src\main\AndroidManifest.xml
		INJECTED from src\main\AndroidManifest.xml
uses-permission#android.permission.INTERNET
ADDED from src\main\AndroidManifest.xml:13:5-67
	android:name
		ADDED from src\main\AndroidManifest.xml:13:22-64
uses-permission#android.permission.WRITE_fEXTERNAL_STORAGE
ADDED from src\main\AndroidManifest.xml:14:5-82
	android:name
		ADDED from src\main\AndroidManifest.xml:14:22-79
uses-permission#android.permission.ACCESS_NETWORK_STATE
ADDED from src\main\AndroidManifest.xml:15:5-79
	android:name
		ADDED from src\main\AndroidManifest.xml:15:22-76
uses-permission#android.permission.GET_TASKS
ADDED from src\main\AndroidManifest.xml:16:5-68
	android:name
		ADDED from src\main\AndroidManifest.xml:16:22-65
uses-permission#android.permission.ACCESS_WIFI_STATE
ADDED from src\main\AndroidManifest.xml:17:5-76
	android:name
		ADDED from src\main\AndroidManifest.xml:17:22-73
uses-permission#android.permission.CHANGE_WIFI_STATE
ADDED from src\main\AndroidManifest.xml:18:5-76
	android:name
		ADDED from src\main\AndroidManifest.xml:18:22-73
uses-permission#android.permission.READ_PHONE_STATE
ADDED from src\main\AndroidManifest.xml:19:5-75
	android:name
		ADDED from src\main\AndroidManifest.xml:19:22-72
uses-permission#android.permission.MANAGE_ACCOUNTS
ADDED from src\main\AndroidManifest.xml:20:5-74
	android:name
		ADDED from src\main\AndroidManifest.xml:20:22-71
uses-permission#android.permission.GET_ACCOUNTS
ADDED from src\main\AndroidManifest.xml:21:5-71
	android:name
		ADDED from src\main\AndroidManifest.xml:21:22-68
uses-permission#android.permission.CALL_PHONE
ADDED from src\main\AndroidManifest.xml:22:5-69
	android:name
		ADDED from src\main\AndroidManifest.xml:22:22-66
uses-permission#android.permission.WAKE_LOCK
ADDED from src\main\AndroidManifest.xml:23:5-68
	android:name
		ADDED from src\main\AndroidManifest.xml:23:22-65
uses-permission#android.permission.WRITE_SETTINGS
ADDED from src\main\AndroidManifest.xml:24:5-73
	android:name
		ADDED from src\main\AndroidManifest.xml:24:22-70
uses-permission#android.permission.VIBRATE
ADDED from src\main\AndroidManifest.xml:25:5-66
	android:name
		ADDED from src\main\AndroidManifest.xml:25:22-63
uses-permission#android.permission.CAMERA
ADDED from src\main\AndroidManifest.xml:26:5-65
	android:name
		ADDED from src\main\AndroidManifest.xml:26:22-62
uses-feature#android.hardware.camera
ADDED from src\main\AndroidManifest.xml:28:5-60
	android:name
		ADDED from src\main\AndroidManifest.xml:28:19-57
uses-feature#android.hardware.camera.autofocus
ADDED from src\main\AndroidManifest.xml:29:5-70
	android:name
		ADDED from src\main\AndroidManifest.xml:29:19-67
uses-permission#android.permission.ACCESS_FINE_LOCATION
ADDED from src\main\AndroidManifest.xml:32:5-79
	android:name
		ADDED from src\main\AndroidManifest.xml:32:22-76
uses-permission#android.permission.ACCESS_COARSE_LOCATION
ADDED from src\main\AndroidManifest.xml:33:5-81
	android:name
		ADDED from src\main\AndroidManifest.xml:33:22-78
uses-permission#android.permission.RECEIVE_BOOT_COMPLETED
ADDED from src\main\AndroidManifest.xml:36:5-81
	android:name
		ADDED from src\main\AndroidManifest.xml:36:22-78
uses-permission#android.permission.READ_EXTERNAL_STORAGE
ADDED from src\main\AndroidManifest.xml:39:5-80
	android:name
		ADDED from src\main\AndroidManifest.xml:39:22-77
uses-permission#android.permission.WRITE_EXTERNAL_STORAGE
ADDED from src\main\AndroidManifest.xml:40:5-81
	android:name
		ADDED from src\main\AndroidManifest.xml:40:22-78
uses-permission#android.permission.SYSTEM_ALERT_WINDOW
ADDED from src\main\AndroidManifest.xml:43:5-78
	android:name
		ADDED from src\main\AndroidManifest.xml:43:22-75
uses-permission#getui.permission.GetuiService.com.newgen.xj_app
ADDED from src\main\AndroidManifest.xml:45:5-87
	android:name
		ADDED from src\main\AndroidManifest.xml:45:22-84
permission#getui.permission.GetuiService.com.newgen.xj_app
ADDED from src\main\AndroidManifest.xml:47:5-49:55
	android:protectionLevel
		ADDED from src\main\AndroidManifest.xml:49:9-41
	android:name
		ADDED from src\main\AndroidManifest.xml:48:9-71
application
ADDED from src\main\AndroidManifest.xml:52:5-378:19
MERGED from [:widget] AndroidManifest.xml:11:5-15:19
MERGED from [:widget] AndroidManifest.xml:11:5-15:19
MERGED from [com.android.support:appcompat-v7:21.0.3] AndroidManifest.xml:16:5-19
MERGED from [com.android.support:appcompat-v7:21.0.3] AndroidManifest.xml:16:5-19
MERGED from [com.android.support:support-v4:21.0.3] AndroidManifest.xml:16:5-19
MERGED from [com.android.support:support-v4:21.0.3] AndroidManifest.xml:16:5-19
	android:label
		ADDED from src\main\AndroidManifest.xml:57:9-41
	android:hardwareAccelerated
		ADDED from src\main\AndroidManifest.xml:55:9-43
	android:largeHeap
		ADDED from src\main\AndroidManifest.xml:58:9-33
	android:icon
		ADDED from src\main\AndroidManifest.xml:56:9-42
		REJECTED from [:widget] AndroidManifest.xml:13:9-45
	android:allowBackup
		ADDED from src\main\AndroidManifest.xml:54:9-35
	android:theme
		ADDED from src\main\AndroidManifest.xml:59:9-62
	tools:replace
		ADDED from src\main\AndroidManifest.xml:60:9-52
	android:name
		ADDED from src\main\AndroidManifest.xml:53:9-53
meta-data#android.max_aspect
ADDED from src\main\AndroidManifest.xml:62:9-64:35
	android:value
		ADDED from src\main\AndroidManifest.xml:64:13-32
	android:name
		ADDED from src\main\AndroidManifest.xml:63:13-46
activity#com.newgen.xj_app.MainActivity
ADDED from src\main\AndroidManifest.xml:66:9-74:20
	android:label
		ADDED from src\main\AndroidManifest.xml:68:13-45
	android:name
		ADDED from src\main\AndroidManifest.xml:67:13-41
intent-filter#action:name:android.intent.action.MAIN+category:name:android.intent.category.LAUNCHER
ADDED from src\main\AndroidManifest.xml:69:13-73:29
action#android.intent.action.MAIN
ADDED from src\main\AndroidManifest.xml:70:17-69
	android:name
		ADDED from src\main\AndroidManifest.xml:70:25-66
category#android.intent.category.LAUNCHER
ADDED from src\main\AndroidManifest.xml:72:17-77
	android:name
		ADDED from src\main\AndroidManifest.xml:72:27-74
activity#com.newgen.xj_app.ww.YDActivity
ADDED from src\main\AndroidManifest.xml:75:9-60
	android:name
		ADDED from src\main\AndroidManifest.xml:75:19-48
activity#com.newgen.xj_app.ww.MainFragmentActivity
ADDED from src\main\AndroidManifest.xml:76:9-79:61
	android:screenOrientation
		ADDED from src\main\AndroidManifest.xml:79:13-49
	android:configChanges
		ADDED from src\main\AndroidManifest.xml:78:13-74
	android:name
		ADDED from src\main\AndroidManifest.xml:77:13-52
activity#com.newgen.xj_app.ww.ChannelActivity
ADDED from src\main\AndroidManifest.xml:80:9-65
	android:name
		ADDED from src\main\AndroidManifest.xml:80:19-53
activity#com.newgen.xj_app.hw.HChannelActivity
ADDED from src\main\AndroidManifest.xml:81:9-66
	android:name
		ADDED from src\main\AndroidManifest.xml:81:19-54
activity#com.newgen.xj_app.mw.MChannelActivity
ADDED from src\main\AndroidManifest.xml:82:9-66
	android:name
		ADDED from src\main\AndroidManifest.xml:82:19-54
activity#com.newgen.xj_app.detail.ww.EpaperArticleDetailActivity
ADDED from src\main\AndroidManifest.xml:83:9-84
	android:name
		ADDED from src\main\AndroidManifest.xml:83:19-72
activity#com.newgen.xj_app.ww.ShowImageActivity
ADDED from src\main\AndroidManifest.xml:84:9-67
	android:name
		ADDED from src\main\AndroidManifest.xml:84:19-55
activity#com.newgen.xj_app.detail.ww.NewsDetailActivity
ADDED from src\main\AndroidManifest.xml:85:9-87:61
	android:screenOrientation
		ADDED from src\main\AndroidManifest.xml:87:13-49
	android:name
		ADDED from src\main\AndroidManifest.xml:86:13-57
activity#com.newgen.xj_app.detail.mw.MNewsDetailActivity
ADDED from src\main\AndroidManifest.xml:88:9-90:61
	android:screenOrientation
		ADDED from src\main\AndroidManifest.xml:90:13-49
	android:name
		ADDED from src\main\AndroidManifest.xml:89:13-58
activity#com.newgen.xj_app.detail.hw.HNewsDetailActivity
ADDED from src\main\AndroidManifest.xml:91:9-93:61
	android:screenOrientation
		ADDED from src\main\AndroidManifest.xml:93:13-49
	android:name
		ADDED from src\main\AndroidManifest.xml:92:13-58
activity#com.newgen.xj_app.detail.ww.ImgNewsDetailActivity
ADDED from src\main\AndroidManifest.xml:94:9-96:48
	android:exported
		ADDED from src\main\AndroidManifest.xml:96:13-36
	android:name
		ADDED from src\main\AndroidManifest.xml:95:13-60
activity#com.newgen.xj_app.detail.hw.HImgNewsDetailActivity
ADDED from src\main\AndroidManifest.xml:97:9-99:48
	android:exported
		ADDED from src\main\AndroidManifest.xml:99:13-36
	android:name
		ADDED from src\main\AndroidManifest.xml:98:13-61
activity#com.newgen.xj_app.detail.mw.MImgNewsDetailActivity
ADDED from src\main\AndroidManifest.xml:100:9-102:48
	android:exported
		ADDED from src\main\AndroidManifest.xml:102:13-36
	android:name
		ADDED from src\main\AndroidManifest.xml:101:13-61
activity#com.newgen.xj_app.detail.ww.LinkDetailActivity
ADDED from src\main\AndroidManifest.xml:103:9-114:20
	android:launchMode
		ADDED from src\main\AndroidManifest.xml:108:13-44
	android:exported
		ADDED from src\main\AndroidManifest.xml:107:13-37
	android:configChanges
		ADDED from src\main\AndroidManifest.xml:106:13-74
	android:alwaysRetainTaskState
		ADDED from src\main\AndroidManifest.xml:105:13-49
	android:name
		ADDED from src\main\AndroidManifest.xml:104:13-57
intent-filter#action:name:com.tencent.smtt.tbs.video.PLAY+category:name:android.intent.category.DEFAULT
ADDED from src\main\AndroidManifest.xml:109:13-113:29
action#com.tencent.smtt.tbs.video.PLAY
ADDED from src\main\AndroidManifest.xml:110:17-74
	android:name
		ADDED from src\main\AndroidManifest.xml:110:25-71
category#android.intent.category.DEFAULT
ADDED from src\main\AndroidManifest.xml:112:17-76
	android:name
		ADDED from src\main\AndroidManifest.xml:112:27-73
activity#com.newgen.xj_app.detail.hw.HLinkDetailActivity
ADDED from src\main\AndroidManifest.xml:115:9-126:20
	android:launchMode
		ADDED from src\main\AndroidManifest.xml:120:13-44
	android:exported
		ADDED from src\main\AndroidManifest.xml:119:13-37
	android:configChanges
		ADDED from src\main\AndroidManifest.xml:118:13-74
	android:alwaysRetainTaskState
		ADDED from src\main\AndroidManifest.xml:117:13-49
	android:name
		ADDED from src\main\AndroidManifest.xml:116:13-58
activity#com.newgen.xj_app.detail.mw.MLinkDetailActivity
ADDED from src\main\AndroidManifest.xml:127:9-138:20
	android:launchMode
		ADDED from src\main\AndroidManifest.xml:132:13-44
	android:exported
		ADDED from src\main\AndroidManifest.xml:131:13-37
	android:configChanges
		ADDED from src\main\AndroidManifest.xml:130:13-74
	android:alwaysRetainTaskState
		ADDED from src\main\AndroidManifest.xml:129:13-49
	android:name
		ADDED from src\main\AndroidManifest.xml:128:13-58
activity#com.newgen.xj_app.ww.CodeScanActivity
ADDED from src\main\AndroidManifest.xml:139:9-143:72
	android:screenOrientation
		ADDED from src\main\AndroidManifest.xml:142:13-49
	android:windowSoftInputMode
		ADDED from src\main\AndroidManifest.xml:143:13-60
	android:configChanges
		ADDED from src\main\AndroidManifest.xml:141:13-63
	android:name
		ADDED from src\main\AndroidManifest.xml:140:13-48
activity#com.newgen.xj_app.ww.SearchActivity
ADDED from src\main\AndroidManifest.xml:144:9-64
	android:name
		ADDED from src\main\AndroidManifest.xml:144:19-52
activity#com.newgen.xj_app.mw.MSearchActivity
ADDED from src\main\AndroidManifest.xml:145:9-65
	android:name
		ADDED from src\main\AndroidManifest.xml:145:19-53
activity#com.newgen.xj_app.hw.HSearchActivity
ADDED from src\main\AndroidManifest.xml:146:9-65
	android:name
		ADDED from src\main\AndroidManifest.xml:146:19-53
activity#com.newgen.xj_app.ww.SearchResultActivity
ADDED from src\main\AndroidManifest.xml:147:9-70
	android:name
		ADDED from src\main\AndroidManifest.xml:147:19-58
activity#com.newgen.xj_app.hw.HSearchResultActivity
ADDED from src\main\AndroidManifest.xml:148:9-71
	android:name
		ADDED from src\main\AndroidManifest.xml:148:19-59
activity#com.newgen.xj_app.mw.MSearchResultActivity
ADDED from src\main\AndroidManifest.xml:149:9-71
	android:name
		ADDED from src\main\AndroidManifest.xml:149:19-59
activity#com.newgen.xj_app.user.LoginActivity
ADDED from src\main\AndroidManifest.xml:150:9-65
	android:name
		ADDED from src\main\AndroidManifest.xml:150:19-53
activity#com.newgen.xj_app.user.HLoginActivity
ADDED from src\main\AndroidManifest.xml:151:9-66
	android:name
		ADDED from src\main\AndroidManifest.xml:151:19-54
activity#com.newgen.xj_app.user.MLoginActivity
ADDED from src\main\AndroidManifest.xml:152:9-66
	android:name
		ADDED from src\main\AndroidManifest.xml:152:19-54
activity#com.newgen.xj_app.user.UpdateUserInfoActivity
ADDED from src\main\AndroidManifest.xml:153:9-74
	android:name
		ADDED from src\main\AndroidManifest.xml:153:19-62
activity#com.newgen.xj_app.user.HUpdateUserInfoActivity
ADDED from src\main\AndroidManifest.xml:154:9-75
	android:name
		ADDED from src\main\AndroidManifest.xml:154:19-63
activity#com.newgen.xj_app.user.MUpdateUserInfoActivity
ADDED from src\main\AndroidManifest.xml:155:9-75
	android:name
		ADDED from src\main\AndroidManifest.xml:155:19-63
activity#com.newgen.xj_app.user.ChangePwdActivity
ADDED from src\main\AndroidManifest.xml:156:9-69
	android:name
		ADDED from src\main\AndroidManifest.xml:156:19-57
activity#com.newgen.xj_app.user.HChangePwdActivity
ADDED from src\main\AndroidManifest.xml:157:9-70
	android:name
		ADDED from src\main\AndroidManifest.xml:157:19-58
activity#com.newgen.xj_app.user.MChangePwdActivity
ADDED from src\main\AndroidManifest.xml:158:9-70
	android:name
		ADDED from src\main\AndroidManifest.xml:158:19-58
activity#com.newgen.xj_app.user.ChangePhoneActivity
ADDED from src\main\AndroidManifest.xml:159:9-71
	android:name
		ADDED from src\main\AndroidManifest.xml:159:19-59
activity#com.newgen.xj_app.user.HChangePhoneActivity
ADDED from src\main\AndroidManifest.xml:160:9-72
	android:name
		ADDED from src\main\AndroidManifest.xml:160:19-60
activity#com.newgen.xj_app.user.MChangePhoneActivity
ADDED from src\main\AndroidManifest.xml:161:9-72
	android:name
		ADDED from src\main\AndroidManifest.xml:161:19-60
activity#com.newgen.xj_app.detail.ww.NewsReviewActivity
ADDED from src\main\AndroidManifest.xml:162:9-75
	android:name
		ADDED from src\main\AndroidManifest.xml:162:19-63
activity#com.newgen.xj_app.detail.mw.MNewsReviewActivity
ADDED from src\main\AndroidManifest.xml:163:9-76
	android:name
		ADDED from src\main\AndroidManifest.xml:163:19-64
activity#com.newgen.xj_app.detail.hw.HNewsReviewActivity
ADDED from src\main\AndroidManifest.xml:164:9-76
	android:name
		ADDED from src\main\AndroidManifest.xml:164:19-64
activity#com.newgen.xj_app.ww.CollectListActivity
ADDED from src\main\AndroidManifest.xml:165:9-69
	android:name
		ADDED from src\main\AndroidManifest.xml:165:19-57
activity#com.newgen.xj_app.hw.HCollectListActivity
ADDED from src\main\AndroidManifest.xml:166:9-70
	android:name
		ADDED from src\main\AndroidManifest.xml:166:19-58
activity#com.newgen.xj_app.mw.MCollectListActivity
ADDED from src\main\AndroidManifest.xml:167:9-70
	android:name
		ADDED from src\main\AndroidManifest.xml:167:19-58
activity#com.newgen.xj_app.user.UserRegistActivity
ADDED from src\main\AndroidManifest.xml:168:9-70
	android:name
		ADDED from src\main\AndroidManifest.xml:168:19-58
activity#com.newgen.xj_app.user.HUserRegistActivity
ADDED from src\main\AndroidManifest.xml:169:9-71
	android:name
		ADDED from src\main\AndroidManifest.xml:169:19-59
activity#com.newgen.xj_app.user.MUserRegistActivity
ADDED from src\main\AndroidManifest.xml:170:9-71
	android:name
		ADDED from src\main\AndroidManifest.xml:170:19-59
activity#com.newgen.xj_app.user.FindPasswordActivity
ADDED from src\main\AndroidManifest.xml:171:9-72
	android:name
		ADDED from src\main\AndroidManifest.xml:171:19-60
activity#com.newgen.xj_app.user.HFindPasswordActivity
ADDED from src\main\AndroidManifest.xml:172:9-73
	android:name
		ADDED from src\main\AndroidManifest.xml:172:19-61
activity#com.newgen.xj_app.user.MFindPasswordActivity
ADDED from src\main\AndroidManifest.xml:173:9-73
	android:name
		ADDED from src\main\AndroidManifest.xml:173:19-61
activity#com.newgen.xj_app.ww.ChangeThemeActivty
ADDED from src\main\AndroidManifest.xml:174:9-68
	android:name
		ADDED from src\main\AndroidManifest.xml:174:19-56
activity#com.newgen.xj_app.ww.MessageActivity
ADDED from src\main\AndroidManifest.xml:175:9-65
	android:name
		ADDED from src\main\AndroidManifest.xml:175:19-53
activity#com.newgen.xj_app.hw.HMessageActivity
ADDED from src\main\AndroidManifest.xml:176:9-66
	android:name
		ADDED from src\main\AndroidManifest.xml:176:19-54
activity#com.newgen.xj_app.mw.MMessageActivity
ADDED from src\main\AndroidManifest.xml:177:9-66
	android:name
		ADDED from src\main\AndroidManifest.xml:177:19-54
activity#com.newgen.xj_app.ww.ActiveActivity
ADDED from src\main\AndroidManifest.xml:178:9-64
	android:name
		ADDED from src\main\AndroidManifest.xml:178:19-52
activity#com.newgen.xj_app.hw.HActiveActivity
ADDED from src\main\AndroidManifest.xml:179:9-65
	android:name
		ADDED from src\main\AndroidManifest.xml:179:19-53
activity#com.newgen.xj_app.mw.MActiveActivity
ADDED from src\main\AndroidManifest.xml:180:9-65
	android:name
		ADDED from src\main\AndroidManifest.xml:180:19-53
activity#com.newgen.xj_app.ww.AboutUsActivity
ADDED from src\main\AndroidManifest.xml:181:9-65
	android:name
		ADDED from src\main\AndroidManifest.xml:181:19-53
activity#com.newgen.xj_app.detail.ww.ActiveDetailActivity
ADDED from src\main\AndroidManifest.xml:182:9-77
	android:name
		ADDED from src\main\AndroidManifest.xml:182:19-65
activity#com.newgen.xj_app.detail.mw.MActiveDetailActivity
ADDED from src\main\AndroidManifest.xml:183:9-78
	android:name
		ADDED from src\main\AndroidManifest.xml:183:19-66
activity#com.newgen.xj_app.detail.mw.MServiceDetailActivity
ADDED from src\main\AndroidManifest.xml:184:9-79
	android:name
		ADDED from src\main\AndroidManifest.xml:184:19-67
activity#com.newgen.xj_app.SelectLanguageActivity
ADDED from src\main\AndroidManifest.xml:185:9-187:61
	android:screenOrientation
		ADDED from src\main\AndroidManifest.xml:187:13-49
	android:name
		ADDED from src\main\AndroidManifest.xml:186:13-51
activity#com.newgen.xj_app.mw.MMainFragmentActivity
ADDED from src\main\AndroidManifest.xml:188:9-191:61
	android:screenOrientation
		ADDED from src\main\AndroidManifest.xml:191:13-49
	android:configChanges
		ADDED from src\main\AndroidManifest.xml:190:13-74
	android:name
		ADDED from src\main\AndroidManifest.xml:189:13-53
activity#com.newgen.xj_app.hw.HMainFragmentActivity
ADDED from src\main\AndroidManifest.xml:192:9-195:61
	android:screenOrientation
		ADDED from src\main\AndroidManifest.xml:195:13-49
	android:configChanges
		ADDED from src\main\AndroidManifest.xml:194:13-74
	android:name
		ADDED from src\main\AndroidManifest.xml:193:13-53
activity#com.newgen.xj_app.user.SettingActivity
ADDED from src\main\AndroidManifest.xml:196:9-67
	android:name
		ADDED from src\main\AndroidManifest.xml:196:19-55
activity#com.newgen.xj_app.user.HSettingActivity
ADDED from src\main\AndroidManifest.xml:197:9-68
	android:name
		ADDED from src\main\AndroidManifest.xml:197:19-56
activity#com.newgen.xj_app.user.SuggestionActivity
ADDED from src\main\AndroidManifest.xml:198:9-70
	android:name
		ADDED from src\main\AndroidManifest.xml:198:19-58
activity#com.newgen.xj_app.user.HSuggestionActivity
ADDED from src\main\AndroidManifest.xml:199:9-71
	android:name
		ADDED from src\main\AndroidManifest.xml:199:19-59
activity#com.newgen.xj_app.user.MSuggestionActivity
ADDED from src\main\AndroidManifest.xml:200:9-71
	android:name
		ADDED from src\main\AndroidManifest.xml:200:19-59
activity#com.newgen.xj_app.detail.ww.SubjectDetailActivity
ADDED from src\main\AndroidManifest.xml:201:9-203:78
	android:label
		ADDED from src\main\AndroidManifest.xml:203:13-66
	android:name
		ADDED from src\main\AndroidManifest.xml:202:13-60
activity#com.newgen.xj_app.detail.mw.MSubjectDetailActivity
ADDED from src\main\AndroidManifest.xml:204:9-206:78
	android:label
		ADDED from src\main\AndroidManifest.xml:206:13-66
	android:name
		ADDED from src\main\AndroidManifest.xml:205:13-61
activity#com.newgen.xj_app.detail.ww.LiveDetailActivity
ADDED from src\main\AndroidManifest.xml:207:9-209:75
	android:label
		ADDED from src\main\AndroidManifest.xml:209:13-63
	android:name
		ADDED from src\main\AndroidManifest.xml:208:13-57
activity#com.newgen.xj_app.detail.mw.MLiveDetailActivity
ADDED from src\main\AndroidManifest.xml:210:9-212:75
	android:label
		ADDED from src\main\AndroidManifest.xml:212:13-63
	android:name
		ADDED from src\main\AndroidManifest.xml:211:13-58
activity#com.newgen.xj_app.detail.hw.HLiveDetailActivity
ADDED from src\main\AndroidManifest.xml:213:9-215:75
	android:label
		ADDED from src\main\AndroidManifest.xml:215:13-63
	android:name
		ADDED from src\main\AndroidManifest.xml:214:13-58
activity#com.mob.tools.MobUIShell
ADDED from src\main\AndroidManifest.xml:219:9-231:20
	android:windowSoftInputMode
		ADDED from src\main\AndroidManifest.xml:223:13-67
	android:configChanges
		ADDED from src\main\AndroidManifest.xml:221:13-74
	android:theme
		ADDED from src\main\AndroidManifest.xml:222:13-72
	android:name
		ADDED from src\main\AndroidManifest.xml:220:13-52
intent-filter#action:name:com.sina.weibo.sdk.action.ACTION_SDK_REQ_ACTIVITY+category:name:android.intent.category.DEFAULT
ADDED from src\main\AndroidManifest.xml:226:13-230:29
action#com.sina.weibo.sdk.action.ACTION_SDK_REQ_ACTIVITY
ADDED from src\main\AndroidManifest.xml:227:17-92
	android:name
		ADDED from src\main\AndroidManifest.xml:227:25-89
activity#cn.sharesdk.tencent.qq.ReceiveActivity
ADDED from src\main\AndroidManifest.xml:235:9-247:20
	android:launchMode
		ADDED from src\main\AndroidManifest.xml:237:13-44
	android:noHistory
		ADDED from src\main\AndroidManifest.xml:238:13-37
	android:name
		ADDED from src\main\AndroidManifest.xml:236:13-66
intent-filter#action:name:android.intent.action.VIEW+category:name:android.intent.category.BROWSABLE+category:name:android.intent.category.DEFAULT+data:scheme:tencent1101779323
ADDED from src\main\AndroidManifest.xml:239:13-246:29
action#android.intent.action.VIEW
ADDED from src\main\AndroidManifest.xml:240:17-69
	android:name
		ADDED from src\main\AndroidManifest.xml:240:25-66
category#android.intent.category.BROWSABLE
ADDED from src\main\AndroidManifest.xml:243:17-78
	android:name
		ADDED from src\main\AndroidManifest.xml:243:27-75
data
ADDED from src\main\AndroidManifest.xml:245:17-60
	android:scheme
		ADDED from src\main\AndroidManifest.xml:245:23-57
activity#com.newgen.xj_app.wxapi.WXEntryActivity
ADDED from src\main\AndroidManifest.xml:250:9-255:75
	android:screenOrientation
		ADDED from src\main\AndroidManifest.xml:254:13-49
	android:exported
		ADDED from src\main\AndroidManifest.xml:253:13-36
	android:configChanges
		ADDED from src\main\AndroidManifest.xml:252:13-74
	android:theme
		ADDED from src\main\AndroidManifest.xml:255:13-72
	android:name
		ADDED from src\main\AndroidManifest.xml:251:13-50
meta-data#Mob-AppKey
ADDED from src\main\AndroidManifest.xml:258:9-260:45
	android:value
		ADDED from src\main\AndroidManifest.xml:260:13-42
	android:name
		ADDED from src\main\AndroidManifest.xml:259:13-38
meta-data#Mob-AppSecret
ADDED from src\main\AndroidManifest.xml:261:9-263:64
	android:value
		ADDED from src\main\AndroidManifest.xml:263:13-61
	android:name
		ADDED from src\main\AndroidManifest.xml:262:13-41
meta-data#PUSH_APPID
ADDED from src\main\AndroidManifest.xml:270:9-272:54
	android:value
		ADDED from src\main\AndroidManifest.xml:272:13-51
	android:name
		ADDED from src\main\AndroidManifest.xml:271:13-38
meta-data#PUSH_APPKEY
ADDED from src\main\AndroidManifest.xml:274:9-276:54
	android:value
		ADDED from src\main\AndroidManifest.xml:276:13-51
	android:name
		ADDED from src\main\AndroidManifest.xml:275:13-39
meta-data#PUSH_APPSECRET
ADDED from src\main\AndroidManifest.xml:278:9-280:54
	android:value
		ADDED from src\main\AndroidManifest.xml:280:13-51
	android:name
		ADDED from src\main\AndroidManifest.xml:279:13-42
service#com.newgen.service.PushService
ADDED from src\main\AndroidManifest.xml:284:9-288:54
	android:process
		ADDED from src\main\AndroidManifest.xml:288:13-43
	android:label
		ADDED from src\main\AndroidManifest.xml:287:13-40
	android:exported
		ADDED from src\main\AndroidManifest.xml:286:13-36
	android:name
		ADDED from src\main\AndroidManifest.xml:285:13-58
service#com.newgen.service.IntentService
ADDED from src\main\AndroidManifest.xml:289:9-68
	android:name
		ADDED from src\main\AndroidManifest.xml:289:18-65
service#com.igexin.sdk.PushService
ADDED from src\main\AndroidManifest.xml:290:9-298:19
	android:process
		ADDED from src\main\AndroidManifest.xml:294:13-43
	android:label
		ADDED from src\main\AndroidManifest.xml:293:13-47
	android:exported
		ADDED from src\main\AndroidManifest.xml:292:13-36
	android:name
		ADDED from src\main\AndroidManifest.xml:291:13-54
intent-filter#action:name:com.igexin.sdk.action.service.message
ADDED from src\main\AndroidManifest.xml:295:13-297:29
action#com.igexin.sdk.action.service.message
ADDED from src\main\AndroidManifest.xml:296:17-80
	android:name
		ADDED from src\main\AndroidManifest.xml:296:25-77
receiver#com.igexin.sdk.PushReceiver
ADDED from src\main\AndroidManifest.xml:300:9-311:20
	android:name
		ADDED from src\main\AndroidManifest.xml:300:19-61
intent-filter#action:name:android.intent.action.ACTION_POWER_CONNECTED+action:name:android.intent.action.ACTION_POWER_DISCONNECTED+action:name:android.intent.action.BOOT_COMPLETED+action:name:android.intent.action.MEDIA_MOUNTED+action:name:android.intent.action.USER_PRESENT+action:name:android.net.conn.CONNECTIVITY_CHANGE+action:name:com.igexin.sdk.action.refreshls
ADDED from src\main\AndroidManifest.xml:301:13-310:29
action#android.intent.action.BOOT_COMPLETED
ADDED from src\main\AndroidManifest.xml:302:17-79
	android:name
		ADDED from src\main\AndroidManifest.xml:302:25-76
action#android.net.conn.CONNECTIVITY_CHANGE
ADDED from src\main\AndroidManifest.xml:303:17-79
	android:name
		ADDED from src\main\AndroidManifest.xml:303:25-76
action#android.intent.action.USER_PRESENT
ADDED from src\main\AndroidManifest.xml:304:17-77
	android:name
		ADDED from src\main\AndroidManifest.xml:304:25-74
action#com.igexin.sdk.action.refreshls
ADDED from src\main\AndroidManifest.xml:305:17-74
	android:name
		ADDED from src\main\AndroidManifest.xml:305:25-71
action#android.intent.action.MEDIA_MOUNTED
ADDED from src\main\AndroidManifest.xml:307:17-78
	android:name
		ADDED from src\main\AndroidManifest.xml:307:25-75
action#android.intent.action.ACTION_POWER_CONNECTED
ADDED from src\main\AndroidManifest.xml:308:17-87
	android:name
		ADDED from src\main\AndroidManifest.xml:308:25-84
action#android.intent.action.ACTION_POWER_DISCONNECTED
ADDED from src\main\AndroidManifest.xml:309:17-90
	android:name
		ADDED from src\main\AndroidManifest.xml:309:25-87
activity#com.igexin.sdk.PushActivity
ADDED from src\main\AndroidManifest.xml:313:9-319:75
	android:process
		ADDED from src\main\AndroidManifest.xml:317:13-43
	android:excludeFromRecents
		ADDED from src\main\AndroidManifest.xml:315:13-46
	android:exported
		ADDED from src\main\AndroidManifest.xml:316:13-37
	android:theme
		ADDED from src\main\AndroidManifest.xml:319:13-72
	android:taskAffinity
		ADDED from src\main\AndroidManifest.xml:318:13-67
	android:name
		ADDED from src\main\AndroidManifest.xml:314:13-55
activity#com.igexin.sdk.GActivity